  318126218_ProyectoFinal_Gpo08.cpp
C:\Users\roal0\OneDrive - UNIVERSIDAD NACIONAL AUTÓNOMA DE MÉXICO\Documents\GitHub\Nueva carpeta\PF_CGEIH_Teoria\ProyectoFinal\mesh.h(88,50): warning C4267: 'argumento': conversión de 'size_t' a 'GLsizei'; posible pérdida de datos
  (compilando archivo de origen "318126218_ProyectoFinal_Gpo08.cpp")
  
C:\Users\roal0\OneDrive - UNIVERSIDAD NACIONAL AUTÓNOMA DE MÉXICO\Documents\GitHub\Nueva carpeta\PF_CGEIH_Teoria\ProyectoFinal\318126218_ProyectoFinal_Gpo08.cpp(428,24): warning C4244: 'inicializando': conversión de 'double' a 'GLfloat'; posible pérdida de datos
C:\Users\roal0\OneDrive - UNIVERSIDAD NACIONAL AUTÓNOMA DE MÉXICO\Documents\GitHub\Nueva carpeta\PF_CGEIH_Teoria\ProyectoFinal\318126218_ProyectoFinal_Gpo08.cpp(463,101): warning C4305: 'argumento': truncamiento de 'double' a 'GLfloat'
C:\Users\roal0\OneDrive - UNIVERSIDAD NACIONAL AUTÓNOMA DE MÉXICO\Documents\GitHub\Nueva carpeta\PF_CGEIH_Teoria\ProyectoFinal\318126218_ProyectoFinal_Gpo08.cpp(463,95): warning C4305: 'argumento': truncamiento de 'double' a 'GLfloat'
C:\Users\roal0\OneDrive - UNIVERSIDAD NACIONAL AUTÓNOMA DE MÉXICO\Documents\GitHub\Nueva carpeta\PF_CGEIH_Teoria\ProyectoFinal\318126218_ProyectoFinal_Gpo08.cpp(463,88): warning C4305: 'argumento': truncamiento de 'double' a 'GLfloat'
C:\Users\roal0\OneDrive - UNIVERSIDAD NACIONAL AUTÓNOMA DE MÉXICO\Documents\GitHub\Nueva carpeta\PF_CGEIH_Teoria\ProyectoFinal\318126218_ProyectoFinal_Gpo08.cpp(469,89): warning C4305: 'argumento': truncamiento de 'double' a 'GLfloat'
C:\Users\roal0\OneDrive - UNIVERSIDAD NACIONAL AUTÓNOMA DE MÉXICO\Documents\GitHub\Nueva carpeta\PF_CGEIH_Teoria\ProyectoFinal\318126218_ProyectoFinal_Gpo08.cpp(472,95): warning C4305: 'argumento': truncamiento de 'double' a 'GLfloat'
C:\Users\roal0\OneDrive - UNIVERSIDAD NACIONAL AUTÓNOMA DE MÉXICO\Documents\GitHub\Nueva carpeta\PF_CGEIH_Teoria\ProyectoFinal\318126218_ProyectoFinal_Gpo08.cpp(472,89): warning C4305: 'argumento': truncamiento de 'double' a 'GLfloat'
C:\Users\roal0\OneDrive - UNIVERSIDAD NACIONAL AUTÓNOMA DE MÉXICO\Documents\GitHub\Nueva carpeta\PF_CGEIH_Teoria\ProyectoFinal\318126218_ProyectoFinal_Gpo08.cpp(481,94): warning C4305: 'argumento': truncamiento de 'double' a 'GLfloat'
C:\Users\roal0\OneDrive - UNIVERSIDAD NACIONAL AUTÓNOMA DE MÉXICO\Documents\GitHub\Nueva carpeta\PF_CGEIH_Teoria\ProyectoFinal\318126218_ProyectoFinal_Gpo08.cpp(481,88): warning C4305: 'argumento': truncamiento de 'double' a 'GLfloat'
C:\Users\roal0\OneDrive - UNIVERSIDAD NACIONAL AUTÓNOMA DE MÉXICO\Documents\GitHub\Nueva carpeta\PF_CGEIH_Teoria\ProyectoFinal\318126218_ProyectoFinal_Gpo08.cpp(923,26): warning C4244: '=': conversión de 'double' a 'float'; posible pérdida de datos
C:\Users\roal0\OneDrive - UNIVERSIDAD NACIONAL AUTÓNOMA DE MÉXICO\Documents\GitHub\Nueva carpeta\PF_CGEIH_Teoria\ProyectoFinal\318126218_ProyectoFinal_Gpo08.cpp(940,26): warning C4244: '=': conversión de 'double' a 'float'; posible pérdida de datos
C:\Users\roal0\OneDrive - UNIVERSIDAD NACIONAL AUTÓNOMA DE MÉXICO\Documents\GitHub\Nueva carpeta\PF_CGEIH_Teoria\ProyectoFinal\318126218_ProyectoFinal_Gpo08.cpp(954,26): warning C4244: '=': conversión de 'double' a 'float'; posible pérdida de datos
C:\Users\roal0\OneDrive - UNIVERSIDAD NACIONAL AUTÓNOMA DE MÉXICO\Documents\GitHub\Nueva carpeta\PF_CGEIH_Teoria\ProyectoFinal\318126218_ProyectoFinal_Gpo08.cpp(970,27): warning C4244: '=': conversión de 'double' a 'float'; posible pérdida de datos
C:\Users\roal0\OneDrive - UNIVERSIDAD NACIONAL AUTÓNOMA DE MÉXICO\Documents\GitHub\Nueva carpeta\PF_CGEIH_Teoria\ProyectoFinal\318126218_ProyectoFinal_Gpo08.cpp(1040,15): warning C4305: '+=': truncamiento de 'double' a 'float'
C:\Users\roal0\OneDrive - UNIVERSIDAD NACIONAL AUTÓNOMA DE MÉXICO\Documents\GitHub\Nueva carpeta\PF_CGEIH_Teoria\ProyectoFinal\318126218_ProyectoFinal_Gpo08.cpp(1047,15): warning C4305: '-=': truncamiento de 'double' a 'float'
C:\Users\roal0\OneDrive - UNIVERSIDAD NACIONAL AUTÓNOMA DE MÉXICO\Documents\GitHub\Nueva carpeta\PF_CGEIH_Teoria\ProyectoFinal\318126218_ProyectoFinal_Gpo08.cpp(1053,15): warning C4305: '+=': truncamiento de 'double' a 'float'
C:\Users\roal0\OneDrive - UNIVERSIDAD NACIONAL AUTÓNOMA DE MÉXICO\Documents\GitHub\Nueva carpeta\PF_CGEIH_Teoria\ProyectoFinal\318126218_ProyectoFinal_Gpo08.cpp(1059,15): warning C4305: '-=': truncamiento de 'double' a 'float'
C:\Users\roal0\OneDrive - UNIVERSIDAD NACIONAL AUTÓNOMA DE MÉXICO\Documents\GitHub\Nueva carpeta\PF_CGEIH_Teoria\ProyectoFinal\318126218_ProyectoFinal_Gpo08.cpp(1119,20): warning C4244: '=': conversión de 'double' a 'float'; posible pérdida de datos
C:\Users\roal0\OneDrive - UNIVERSIDAD NACIONAL AUTÓNOMA DE MÉXICO\Documents\GitHub\Nueva carpeta\PF_CGEIH_Teoria\ProyectoFinal\318126218_ProyectoFinal_Gpo08.cpp(1127,20): warning C4244: '=': conversión de 'double' a 'float'; posible pérdida de datos
C:\Users\roal0\OneDrive - UNIVERSIDAD NACIONAL AUTÓNOMA DE MÉXICO\Documents\GitHub\Nueva carpeta\PF_CGEIH_Teoria\ProyectoFinal\318126218_ProyectoFinal_Gpo08.cpp(1128,22): warning C4244: '=': conversión de 'double' a 'float'; posible pérdida de datos
C:\Users\roal0\OneDrive - UNIVERSIDAD NACIONAL AUTÓNOMA DE MÉXICO\Documents\GitHub\Nueva carpeta\PF_CGEIH_Teoria\ProyectoFinal\318126218_ProyectoFinal_Gpo08.cpp(1140,20): warning C4244: '=': conversión de 'double' a 'float'; posible pérdida de datos
C:\Users\roal0\OneDrive - UNIVERSIDAD NACIONAL AUTÓNOMA DE MÉXICO\Documents\GitHub\Nueva carpeta\PF_CGEIH_Teoria\ProyectoFinal\318126218_ProyectoFinal_Gpo08.cpp(1141,22): warning C4244: '=': conversión de 'double' a 'float'; posible pérdida de datos
C:\Users\roal0\OneDrive - UNIVERSIDAD NACIONAL AUTÓNOMA DE MÉXICO\Documents\GitHub\Nueva carpeta\PF_CGEIH_Teoria\ProyectoFinal\318126218_ProyectoFinal_Gpo08.cpp(1153,22): warning C4244: '=': conversión de 'double' a 'float'; posible pérdida de datos
C:\Users\roal0\OneDrive - UNIVERSIDAD NACIONAL AUTÓNOMA DE MÉXICO\Documents\GitHub\Nueva carpeta\PF_CGEIH_Teoria\ProyectoFinal\318126218_ProyectoFinal_Gpo08.cpp(1163,22): warning C4244: '=': conversión de 'double' a 'float'; posible pérdida de datos
C:\Users\roal0\OneDrive - UNIVERSIDAD NACIONAL AUTÓNOMA DE MÉXICO\Documents\GitHub\Nueva carpeta\PF_CGEIH_Teoria\ProyectoFinal\318126218_ProyectoFinal_Gpo08.cpp(1183,19): warning C4244: '=': conversión de 'double' a 'float'; posible pérdida de datos
C:\Users\roal0\OneDrive - UNIVERSIDAD NACIONAL AUTÓNOMA DE MÉXICO\Documents\GitHub\Nueva carpeta\PF_CGEIH_Teoria\ProyectoFinal\318126218_ProyectoFinal_Gpo08.cpp(1191,19): warning C4244: '=': conversión de 'double' a 'float'; posible pérdida de datos
C:\Users\roal0\OneDrive - UNIVERSIDAD NACIONAL AUTÓNOMA DE MÉXICO\Documents\GitHub\Nueva carpeta\PF_CGEIH_Teoria\ProyectoFinal\318126218_ProyectoFinal_Gpo08.cpp(1305,11): warning C4244: '=': conversión de 'double' a 'GLfloat'; posible pérdida de datos
C:\Users\roal0\OneDrive - UNIVERSIDAD NACIONAL AUTÓNOMA DE MÉXICO\Documents\GitHub\Nueva carpeta\PF_CGEIH_Teoria\ProyectoFinal\318126218_ProyectoFinal_Gpo08.cpp(1306,11): warning C4244: '=': conversión de 'double' a 'GLfloat'; posible pérdida de datos
C:\Users\roal0\OneDrive - UNIVERSIDAD NACIONAL AUTÓNOMA DE MÉXICO\Documents\GitHub\Nueva carpeta\PF_CGEIH_Teoria\ProyectoFinal\318126218_ProyectoFinal_Gpo08.cpp(1310,18): warning C4244: 'inicializando': conversión de 'double' a 'GLfloat'; posible pérdida de datos
C:\Users\roal0\OneDrive - UNIVERSIDAD NACIONAL AUTÓNOMA DE MÉXICO\Documents\GitHub\Nueva carpeta\PF_CGEIH_Teoria\ProyectoFinal\318126218_ProyectoFinal_Gpo08.cpp(1311,18): warning C4244: 'inicializando': conversión de 'double' a 'GLfloat'; posible pérdida de datos
C:\Users\roal0\OneDrive - UNIVERSIDAD NACIONAL AUTÓNOMA DE MÉXICO\Documents\GitHub\Nueva carpeta\PF_CGEIH_Teoria\ProyectoFinal\318126218_ProyectoFinal_Gpo08.cpp(1313,10): warning C4244: '=': conversión de 'double' a 'GLfloat'; posible pérdida de datos
C:\Users\roal0\OneDrive - UNIVERSIDAD NACIONAL AUTÓNOMA DE MÉXICO\Documents\GitHub\Nueva carpeta\PF_CGEIH_Teoria\ProyectoFinal\318126218_ProyectoFinal_Gpo08.cpp(1314,10): warning C4244: '=': conversión de 'double' a 'GLfloat'; posible pérdida de datos
LINK : fatal error LNK1104: no se puede abrir el archivo 'soil2-debug.lib'
