  318126218_ProyectoFinal_Gpo08.cpp
C:\Users\roal0\OneDrive - UNIVERSIDAD NACIONAL AUTÓNOMA DE MÉXICO\Documents\GitHub\PF_CGEIH_Teoria\ProyectoFinal\318126218_ProyectoFinal_Gpo08.cpp(377,24): warning C4244: 'inicializando': conversión de 'double' a 'GLfloat'; posible pérdida de datos
C:\Users\roal0\OneDrive - UNIVERSIDAD NACIONAL AUTÓNOMA DE MÉXICO\Documents\GitHub\PF_CGEIH_Teoria\ProyectoFinal\318126218_ProyectoFinal_Gpo08.cpp(412,101): warning C4305: 'argumento': truncamiento de 'double' a 'GLfloat'
C:\Users\roal0\OneDrive - UNIVERSIDAD NACIONAL AUTÓNOMA DE MÉXICO\Documents\GitHub\PF_CGEIH_Teoria\ProyectoFinal\318126218_ProyectoFinal_Gpo08.cpp(412,95): warning C4305: 'argumento': truncamiento de 'double' a 'GLfloat'
C:\Users\roal0\OneDrive - UNIVERSIDAD NACIONAL AUTÓNOMA DE MÉXICO\Documents\GitHub\PF_CGEIH_Teoria\ProyectoFinal\318126218_ProyectoFinal_Gpo08.cpp(412,88): warning C4305: 'argumento': truncamiento de 'double' a 'GLfloat'
C:\Users\roal0\OneDrive - UNIVERSIDAD NACIONAL AUTÓNOMA DE MÉXICO\Documents\GitHub\PF_CGEIH_Teoria\ProyectoFinal\318126218_ProyectoFinal_Gpo08.cpp(418,89): warning C4305: 'argumento': truncamiento de 'double' a 'GLfloat'
C:\Users\roal0\OneDrive - UNIVERSIDAD NACIONAL AUTÓNOMA DE MÉXICO\Documents\GitHub\PF_CGEIH_Teoria\ProyectoFinal\318126218_ProyectoFinal_Gpo08.cpp(421,95): warning C4305: 'argumento': truncamiento de 'double' a 'GLfloat'
C:\Users\roal0\OneDrive - UNIVERSIDAD NACIONAL AUTÓNOMA DE MÉXICO\Documents\GitHub\PF_CGEIH_Teoria\ProyectoFinal\318126218_ProyectoFinal_Gpo08.cpp(421,89): warning C4305: 'argumento': truncamiento de 'double' a 'GLfloat'
C:\Users\roal0\OneDrive - UNIVERSIDAD NACIONAL AUTÓNOMA DE MÉXICO\Documents\GitHub\PF_CGEIH_Teoria\ProyectoFinal\318126218_ProyectoFinal_Gpo08.cpp(430,94): warning C4305: 'argumento': truncamiento de 'double' a 'GLfloat'
C:\Users\roal0\OneDrive - UNIVERSIDAD NACIONAL AUTÓNOMA DE MÉXICO\Documents\GitHub\PF_CGEIH_Teoria\ProyectoFinal\318126218_ProyectoFinal_Gpo08.cpp(430,88): warning C4305: 'argumento': truncamiento de 'double' a 'GLfloat'
C:\Users\roal0\OneDrive - UNIVERSIDAD NACIONAL AUTÓNOMA DE MÉXICO\Documents\GitHub\PF_CGEIH_Teoria\ProyectoFinal\318126218_ProyectoFinal_Gpo08.cpp(730,26): warning C4244: '=': conversión de 'double' a 'float'; posible pérdida de datos
C:\Users\roal0\OneDrive - UNIVERSIDAD NACIONAL AUTÓNOMA DE MÉXICO\Documents\GitHub\PF_CGEIH_Teoria\ProyectoFinal\318126218_ProyectoFinal_Gpo08.cpp(791,15): warning C4305: '+=': truncamiento de 'double' a 'float'
C:\Users\roal0\OneDrive - UNIVERSIDAD NACIONAL AUTÓNOMA DE MÉXICO\Documents\GitHub\PF_CGEIH_Teoria\ProyectoFinal\318126218_ProyectoFinal_Gpo08.cpp(798,15): warning C4305: '-=': truncamiento de 'double' a 'float'
C:\Users\roal0\OneDrive - UNIVERSIDAD NACIONAL AUTÓNOMA DE MÉXICO\Documents\GitHub\PF_CGEIH_Teoria\ProyectoFinal\318126218_ProyectoFinal_Gpo08.cpp(804,15): warning C4305: '+=': truncamiento de 'double' a 'float'
C:\Users\roal0\OneDrive - UNIVERSIDAD NACIONAL AUTÓNOMA DE MÉXICO\Documents\GitHub\PF_CGEIH_Teoria\ProyectoFinal\318126218_ProyectoFinal_Gpo08.cpp(810,15): warning C4305: '-=': truncamiento de 'double' a 'float'
C:\Users\roal0\OneDrive - UNIVERSIDAD NACIONAL AUTÓNOMA DE MÉXICO\Documents\GitHub\PF_CGEIH_Teoria\ProyectoFinal\318126218_ProyectoFinal_Gpo08.cpp(870,20): warning C4244: '=': conversión de 'double' a 'float'; posible pérdida de datos
C:\Users\roal0\OneDrive - UNIVERSIDAD NACIONAL AUTÓNOMA DE MÉXICO\Documents\GitHub\PF_CGEIH_Teoria\ProyectoFinal\318126218_ProyectoFinal_Gpo08.cpp(878,20): warning C4244: '=': conversión de 'double' a 'float'; posible pérdida de datos
C:\Users\roal0\OneDrive - UNIVERSIDAD NACIONAL AUTÓNOMA DE MÉXICO\Documents\GitHub\PF_CGEIH_Teoria\ProyectoFinal\318126218_ProyectoFinal_Gpo08.cpp(879,22): warning C4244: '=': conversión de 'double' a 'float'; posible pérdida de datos
C:\Users\roal0\OneDrive - UNIVERSIDAD NACIONAL AUTÓNOMA DE MÉXICO\Documents\GitHub\PF_CGEIH_Teoria\ProyectoFinal\318126218_ProyectoFinal_Gpo08.cpp(891,20): warning C4244: '=': conversión de 'double' a 'float'; posible pérdida de datos
C:\Users\roal0\OneDrive - UNIVERSIDAD NACIONAL AUTÓNOMA DE MÉXICO\Documents\GitHub\PF_CGEIH_Teoria\ProyectoFinal\318126218_ProyectoFinal_Gpo08.cpp(892,22): warning C4244: '=': conversión de 'double' a 'float'; posible pérdida de datos
C:\Users\roal0\OneDrive - UNIVERSIDAD NACIONAL AUTÓNOMA DE MÉXICO\Documents\GitHub\PF_CGEIH_Teoria\ProyectoFinal\318126218_ProyectoFinal_Gpo08.cpp(904,22): warning C4244: '=': conversión de 'double' a 'float'; posible pérdida de datos
C:\Users\roal0\OneDrive - UNIVERSIDAD NACIONAL AUTÓNOMA DE MÉXICO\Documents\GitHub\PF_CGEIH_Teoria\ProyectoFinal\318126218_ProyectoFinal_Gpo08.cpp(914,22): warning C4244: '=': conversión de 'double' a 'float'; posible pérdida de datos
C:\Users\roal0\OneDrive - UNIVERSIDAD NACIONAL AUTÓNOMA DE MÉXICO\Documents\GitHub\PF_CGEIH_Teoria\ProyectoFinal\318126218_ProyectoFinal_Gpo08.cpp(934,19): warning C4244: '=': conversión de 'double' a 'float'; posible pérdida de datos
C:\Users\roal0\OneDrive - UNIVERSIDAD NACIONAL AUTÓNOMA DE MÉXICO\Documents\GitHub\PF_CGEIH_Teoria\ProyectoFinal\318126218_ProyectoFinal_Gpo08.cpp(942,19): warning C4244: '=': conversión de 'double' a 'float'; posible pérdida de datos
C:\Users\roal0\OneDrive - UNIVERSIDAD NACIONAL AUTÓNOMA DE MÉXICO\Documents\GitHub\PF_CGEIH_Teoria\ProyectoFinal\318126218_ProyectoFinal_Gpo08.cpp(1065,11): warning C4244: '=': conversión de 'double' a 'GLfloat'; posible pérdida de datos
C:\Users\roal0\OneDrive - UNIVERSIDAD NACIONAL AUTÓNOMA DE MÉXICO\Documents\GitHub\PF_CGEIH_Teoria\ProyectoFinal\318126218_ProyectoFinal_Gpo08.cpp(1066,11): warning C4244: '=': conversión de 'double' a 'GLfloat'; posible pérdida de datos
C:\Users\roal0\OneDrive - UNIVERSIDAD NACIONAL AUTÓNOMA DE MÉXICO\Documents\GitHub\PF_CGEIH_Teoria\ProyectoFinal\318126218_ProyectoFinal_Gpo08.cpp(1070,18): warning C4244: 'inicializando': conversión de 'double' a 'GLfloat'; posible pérdida de datos
C:\Users\roal0\OneDrive - UNIVERSIDAD NACIONAL AUTÓNOMA DE MÉXICO\Documents\GitHub\PF_CGEIH_Teoria\ProyectoFinal\318126218_ProyectoFinal_Gpo08.cpp(1071,18): warning C4244: 'inicializando': conversión de 'double' a 'GLfloat'; posible pérdida de datos
C:\Users\roal0\OneDrive - UNIVERSIDAD NACIONAL AUTÓNOMA DE MÉXICO\Documents\GitHub\PF_CGEIH_Teoria\ProyectoFinal\318126218_ProyectoFinal_Gpo08.cpp(1073,10): warning C4244: '=': conversión de 'double' a 'GLfloat'; posible pérdida de datos
C:\Users\roal0\OneDrive - UNIVERSIDAD NACIONAL AUTÓNOMA DE MÉXICO\Documents\GitHub\PF_CGEIH_Teoria\ProyectoFinal\318126218_ProyectoFinal_Gpo08.cpp(1074,10): warning C4244: '=': conversión de 'double' a 'GLfloat'; posible pérdida de datos
LINK : warning LNK4098: la biblioteca predeterminada'MSVCRT' entra en conflicto con otras bibliotecas; use la biblioteca /NODEFAULTLIB:biblioteca
soil2-debug.lib(etc1_utils.obj) : warning LNK4099: no se encontró PDB '' con 'soil2-debug.lib(etc1_utils.obj)' o en ''; se vinculará el objeto sin tener en cuenta información de depuración
soil2-debug.lib(image_DXT.obj) : warning LNK4099: no se encontró PDB '' con 'soil2-debug.lib(image_DXT.obj)' o en ''; se vinculará el objeto sin tener en cuenta información de depuración
soil2-debug.lib(image_helper.obj) : warning LNK4099: no se encontró PDB '' con 'soil2-debug.lib(image_helper.obj)' o en ''; se vinculará el objeto sin tener en cuenta información de depuración
soil2-debug.lib(SOIL2.obj) : warning LNK4099: no se encontró PDB '' con 'soil2-debug.lib(SOIL2.obj)' o en ''; se vinculará el objeto sin tener en cuenta información de depuración
  ProyectoFinal.vcxproj -> C:\Users\roal0\OneDrive - UNIVERSIDAD NACIONAL AUTÓNOMA DE MÉXICO\Documents\GitHub\PF_CGEIH_Teoria\Debug\ProyectoFinal.exe
